  statkiv2.cpp
F:\Szymon Kończyk\gitHub\programyS\statkiv2\statkiv2.cpp(66,52): error C2955: „std::vector”: użycie klasy klasa szablon wymaga listy argumentów szablon
C:\Program Files (x86)\Microsoft Visual Studio\2019\Community\VC\Tools\MSVC\14.29.30133\include\vector(443): message : zobacz deklarację „std::vector”
F:\Szymon Kończyk\gitHub\programyS\statkiv2\statkiv2.cpp(66,52): error C2628: "std::vector" poprzedzający "int" jest niedozwolony (zapomnialeś ";"?)
F:\Szymon Kończyk\gitHub\programyS\statkiv2\statkiv2.cpp(72,48): error C2662: "allocator_traits<allocator_traits<_Alloc>::rebind_alloc<_Ty>>::size_type std::vector<_Ty,_Alloc>::size(void) noexcept const": nie można konwertować wskaźnika "this" z "std::vector" do "const std::vector<_Ty,_Alloc> &"
F:\Szymon Kończyk\gitHub\programyS\statkiv2\statkiv2.cpp(72,48): message : Przyczyna: nie można skonwertować z "std::vector" na "const std::vector<_Ty,_Alloc>"
F:\Szymon Kończyk\gitHub\programyS\statkiv2\statkiv2.cpp(72,41): message : Konwersja wymaga drugiego operatora konwersji zdefiniowanego przez użytkownika lub konstruktora
C:\Program Files (x86)\Microsoft Visual Studio\2019\Community\VC\Tools\MSVC\14.29.30133\include\vector(1547,49): message : zobacz deklarację „std::vector<_Ty,_Alloc>::size”
F:\Szymon Kończyk\gitHub\programyS\statkiv2\statkiv2.cpp(73,20): error C2678: dwuargumentowy "[": nie znaleziono żadnego operatora, który przyjmuje lewostronny operand typu "std::vector" (lub nie istnieje akceptowalna konwersja)
C:\Program Files (x86)\Microsoft Visual Studio\2019\Community\VC\Tools\MSVC\14.29.30133\include\vector(1572,50): message : może to być „const _Ty &std::vector<_Ty,_Alloc>::operator [](const allocator_traits<allocator_traits<_Alloc>::rebind_alloc<_Ty>>::size_type) noexcept const”
C:\Program Files (x86)\Microsoft Visual Studio\2019\Community\VC\Tools\MSVC\14.29.30133\include\vector(1562,44): message : lub       "_Ty &std::vector<_Ty,_Alloc>::operator [](const allocator_traits<allocator_traits<_Alloc>::rebind_alloc<_Ty>>::size_type) noexcept"
F:\Szymon Kończyk\gitHub\programyS\statkiv2\statkiv2.cpp(73,20): message : podczas próby dopasowania listy argumentów "(std::vector, int)"
F:\Szymon Kończyk\gitHub\programyS\statkiv2\statkiv2.cpp(73,56): error C2088: "[": niedozwolone dla class
F:\Szymon Kończyk\gitHub\programyS\statkiv2\statkiv2.cpp(73,81): error C2678: dwuargumentowy "[": nie znaleziono żadnego operatora, który przyjmuje lewostronny operand typu "std::vector" (lub nie istnieje akceptowalna konwersja)
C:\Program Files (x86)\Microsoft Visual Studio\2019\Community\VC\Tools\MSVC\14.29.30133\include\vector(1572,50): message : może to być „const _Ty &std::vector<_Ty,_Alloc>::operator [](const allocator_traits<allocator_traits<_Alloc>::rebind_alloc<_Ty>>::size_type) noexcept const”
C:\Program Files (x86)\Microsoft Visual Studio\2019\Community\VC\Tools\MSVC\14.29.30133\include\vector(1562,44): message : lub       "_Ty &std::vector<_Ty,_Alloc>::operator [](const allocator_traits<allocator_traits<_Alloc>::rebind_alloc<_Ty>>::size_type) noexcept"
F:\Szymon Kończyk\gitHub\programyS\statkiv2\statkiv2.cpp(73,81): message : podczas próby dopasowania listy argumentów "(std::vector, int)"
F:\Szymon Kończyk\gitHub\programyS\statkiv2\statkiv2.cpp(74,28): error C2678: dwuargumentowy "[": nie znaleziono żadnego operatora, który przyjmuje lewostronny operand typu "std::vector" (lub nie istnieje akceptowalna konwersja)
C:\Program Files (x86)\Microsoft Visual Studio\2019\Community\VC\Tools\MSVC\14.29.30133\include\vector(1572,50): message : może to być „const _Ty &std::vector<_Ty,_Alloc>::operator [](const allocator_traits<allocator_traits<_Alloc>::rebind_alloc<_Ty>>::size_type) noexcept const”
C:\Program Files (x86)\Microsoft Visual Studio\2019\Community\VC\Tools\MSVC\14.29.30133\include\vector(1562,44): message : lub       "_Ty &std::vector<_Ty,_Alloc>::operator [](const allocator_traits<allocator_traits<_Alloc>::rebind_alloc<_Ty>>::size_type) noexcept"
F:\Szymon Kończyk\gitHub\programyS\statkiv2\statkiv2.cpp(74,28): message : podczas próby dopasowania listy argumentów "(std::vector, int)"
F:\Szymon Kończyk\gitHub\programyS\statkiv2\statkiv2.cpp(76,48): error C2662: "allocator_traits<allocator_traits<_Alloc>::rebind_alloc<_Ty>>::size_type std::vector<_Ty,_Alloc>::size(void) noexcept const": nie można konwertować wskaźnika "this" z "std::vector" do "const std::vector<_Ty,_Alloc> &"
F:\Szymon Kończyk\gitHub\programyS\statkiv2\statkiv2.cpp(76,48): message : Przyczyna: nie można skonwertować z "std::vector" na "const std::vector<_Ty,_Alloc>"
F:\Szymon Kończyk\gitHub\programyS\statkiv2\statkiv2.cpp(76,41): message : Konwersja wymaga drugiego operatora konwersji zdefiniowanego przez użytkownika lub konstruktora
C:\Program Files (x86)\Microsoft Visual Studio\2019\Community\VC\Tools\MSVC\14.29.30133\include\vector(1547,49): message : zobacz deklarację „std::vector<_Ty,_Alloc>::size”
F:\Szymon Kończyk\gitHub\programyS\statkiv2\statkiv2.cpp(77,20): error C2678: dwuargumentowy "[": nie znaleziono żadnego operatora, który przyjmuje lewostronny operand typu "std::vector" (lub nie istnieje akceptowalna konwersja)
C:\Program Files (x86)\Microsoft Visual Studio\2019\Community\VC\Tools\MSVC\14.29.30133\include\vector(1572,50): message : może to być „const _Ty &std::vector<_Ty,_Alloc>::operator [](const allocator_traits<allocator_traits<_Alloc>::rebind_alloc<_Ty>>::size_type) noexcept const”
C:\Program Files (x86)\Microsoft Visual Studio\2019\Community\VC\Tools\MSVC\14.29.30133\include\vector(1562,44): message : lub       "_Ty &std::vector<_Ty,_Alloc>::operator [](const allocator_traits<allocator_traits<_Alloc>::rebind_alloc<_Ty>>::size_type) noexcept"
F:\Szymon Kończyk\gitHub\programyS\statkiv2\statkiv2.cpp(77,20): message : podczas próby dopasowania listy argumentów "(std::vector, int)"
F:\Szymon Kończyk\gitHub\programyS\statkiv2\statkiv2.cpp(77,60): error C2678: dwuargumentowy "[": nie znaleziono żadnego operatora, który przyjmuje lewostronny operand typu "std::vector" (lub nie istnieje akceptowalna konwersja)
C:\Program Files (x86)\Microsoft Visual Studio\2019\Community\VC\Tools\MSVC\14.29.30133\include\vector(1572,50): message : może to być „const _Ty &std::vector<_Ty,_Alloc>::operator [](const allocator_traits<allocator_traits<_Alloc>::rebind_alloc<_Ty>>::size_type) noexcept const”
C:\Program Files (x86)\Microsoft Visual Studio\2019\Community\VC\Tools\MSVC\14.29.30133\include\vector(1562,44): message : lub       "_Ty &std::vector<_Ty,_Alloc>::operator [](const allocator_traits<allocator_traits<_Alloc>::rebind_alloc<_Ty>>::size_type) noexcept"
F:\Szymon Kończyk\gitHub\programyS\statkiv2\statkiv2.cpp(77,60): message : podczas próby dopasowania listy argumentów "(std::vector, int)"
F:\Szymon Kończyk\gitHub\programyS\statkiv2\statkiv2.cpp(77,74): error C2678: dwuargumentowy "[": nie znaleziono żadnego operatora, który przyjmuje lewostronny operand typu "std::vector" (lub nie istnieje akceptowalna konwersja)
C:\Program Files (x86)\Microsoft Visual Studio\2019\Community\VC\Tools\MSVC\14.29.30133\include\vector(1572,50): message : może to być „const _Ty &std::vector<_Ty,_Alloc>::operator [](const allocator_traits<allocator_traits<_Alloc>::rebind_alloc<_Ty>>::size_type) noexcept const”
C:\Program Files (x86)\Microsoft Visual Studio\2019\Community\VC\Tools\MSVC\14.29.30133\include\vector(1562,44): message : lub       "_Ty &std::vector<_Ty,_Alloc>::operator [](const allocator_traits<allocator_traits<_Alloc>::rebind_alloc<_Ty>>::size_type) noexcept"
F:\Szymon Kończyk\gitHub\programyS\statkiv2\statkiv2.cpp(77,74): message : podczas próby dopasowania listy argumentów "(std::vector, int)"
F:\Szymon Kończyk\gitHub\programyS\statkiv2\statkiv2.cpp(115,43): error C2664: „int strzal(int,int,int [][7],std::vector [])”: nie można dokonać konwersji argumentu 4 z „std::vector<int,std::allocator<int>> [3]” do „std::vector []”
F:\Szymon Kończyk\gitHub\programyS\statkiv2\statkiv2.cpp(115,36): message : Wskazane typy nie są powiązane; konwersja wymaga operatora reinterpret_cast, rzutowania w stylu języka C lub rzutowania w stylu funkcji
F:\Szymon Kończyk\gitHub\programyS\statkiv2\statkiv2.cpp(66,5): message : zobacz deklarację „strzal”
